<?xml version="1.0" encoding="UTF-8"?>
<testsuite xmlns:xsi="http://www.w3.org/2001/XMLSchema-instance" xsi:noNamespaceSchemaLocation="https://maven.apache.org/surefire/maven-surefire-plugin/xsd/surefire-test-report.xsd" name="com.scg.domain.NonBillableAccountTest" time="0.051" tests="3" errors="0" skipped="0" failures="0">
  <properties>
[...]
</properties>
  <testcase name="isBillableTest" classname="com.scg.domain.NonBillableAccountTest" time="0"/>
  <testcase name="getNameTest" classname="com.scg.domain.NonBillableAccountTest" time="0"/>
  <testcase name="nonBillableAccountEnumTest" classname="com.scg.domain.NonBillableAccountTest" time="0.028"/>
</testsuite>