<?xml version="1.0" encoding="UTF-8" ?>
<testsuite tests="25" failures="0" name="edu.uw.jtc.TestSuite" time="26.96" errors="0" skipped="0">
  <properties>
[...]
</properties>
  <testcase classname="test.AccountTest" name="testBadNameAccountCreation" time="0.538"/>
  <testcase classname="test.AccountTest" name="testBadBalanceAccountCreation" time="0.142"/>
  <testcase classname="test.AccountTest" name="testGoodAccountCreation" time="0.08"/>
  <testcase classname="test.AccountTest" name="testSetAccountName" time="0.122"/>
  <testcase classname="test.AccountManagerTest" name="testReloadFile" time="0.492"/>
  <testcase classname="test.AccountManagerTest" name="testCreateDuplicateUsername" time="0.177"/>
  <testcase classname="test.AccountManagerTest" name="testClose" time="0.079"/>
  <testcase classname="test.AccountManagerTest" name="testPersist" time="0.124"/>
  <testcase classname="test.AccountManagerTest" name="testGetAccount" time="0.12"/>
  <testcase classname="test.AccountManagerTest" name="testValidate" time="0.099"/>
  <testcase classname="test.AccountManagerTest" name="testRegistration" time="0.087"/>
  <testcase classname="test.AccountManagerTest" name="testDeleteAccount" time="0.083"/>
  <testcase classname="test.AccountManagerTest" name="testMultipleGetAccount" time="0.082"/>
  <testcase classname="test.DaoTest" name="testClose" time="0.13"/>
  <testcase classname="test.DaoTest" name="testReset" time="0.123"/>
  <testcase classname="test.DaoTest" name="testDelete" time="0.098"/>
  <testcase classname="test.DaoTest" name="testReload" time="0.093"/>
  <testcase classname="test.DaoTest" name="testSetGet" time="0.147"/>
  <testcase classname="test.BrokerTest" name="testRequestQuote" time="0.218"/>
  <testcase classname="test.BrokerTest" name="testClose" time="0.027"/>
  <testcase classname="test.BrokerTest" name="testGetAccount" time="0.18"/>
  <testcase classname="test.BrokerTest" name="testBrokerExchangeOpen" time="10.118"/>
  <testcase classname="test.BrokerTest" name="testDeleteAccount" time="0.058"/>
  <testcase classname="test.BrokerTest" name="testBrokerExchangeClosed" time="12.133"/>
  <testcase classname="test.PrivateMessageCodecTest" name="codecTest" time="1.41"/>
</testsuite>