<?xml version="1.0" encoding="UTF-8"?>
<testsuite xmlns:xsi="http://www.w3.org/2001/XMLSchema-instance" xsi:noNamespaceSchemaLocation="https://maven.apache.org/surefire/maven-surefire-plugin/xsd/surefire-test-report.xsd" name="edu.uweo.java2.assignment9.AbstractCommandTest" time="0.094" tests="6" errors="0" skipped="0" failures="0">
  <properties>
[...]
</properties>
  <testcase name="setWorkMillisMaxTest" classname="edu.uweo.java2.assignment9.AbstractCommandTest" time="0.004"/>
  <testcase name="setWorkMillisMinTest" classname="edu.uweo.java2.assignment9.AbstractCommandTest" time="0"/>
  <testcase name="abstractConstructorSecondNullTest" classname="edu.uweo.java2.assignment9.AbstractCommandTest" time="0.001"/>
  <testcase name="abstractConstructorFirstNullTest" classname="edu.uweo.java2.assignment9.AbstractCommandTest" time="0"/>
  <testcase name="setOperand1" classname="edu.uweo.java2.assignment9.AbstractCommandTest" time="0"/>
  <testcase name="setOperand2" classname="edu.uweo.java2.assignment9.AbstractCommandTest" time="0"/>
</testsuite>