<?xml version="1.0" encoding="UTF-8"?>
<testsuite xmlns:xsi="http://www.w3.org/2001/XMLSchema-instance" xsi:noNamespaceSchemaLocation="https://maven.apache.org/surefire/maven-surefire-plugin/xsd/surefire-test-report.xsd" name="edu.uw.jtc.TestSuite" time="26.3" tests="25" errors="0" skipped="0" failures="0">
  <properties>
[...]
</properties>
  <testcase name="testBadNameAccountCreation" classname="test.AccountTest" time="0.495"/>
  <testcase name="testBadBalanceAccountCreation" classname="test.AccountTest" time="0.059"/>
  <testcase name="testGoodAccountCreation" classname="test.AccountTest" time="0.057"/>
  <testcase name="testSetAccountName" classname="test.AccountTest" time="0.079"/>
  <testcase name="testReloadFile" classname="test.AccountManagerTest" time="0.767"/>
  <testcase name="testCreateDuplicateUsername" classname="test.AccountManagerTest" time="0.162"/>
  <testcase name="testClose" classname="test.AccountManagerTest" time="0.066"/>
  <testcase name="testPersist" classname="test.AccountManagerTest" time="0.242"/>
  <testcase name="testGetAccount" classname="test.AccountManagerTest" time="0.177"/>
  <testcase name="testValidate" classname="test.AccountManagerTest" time="0.14"/>
  <testcase name="testRegistration" classname="test.AccountManagerTest" time="0.161"/>
  <testcase name="testDeleteAccount" classname="test.AccountManagerTest" time="0.262"/>
  <testcase name="testMultipleGetAccount" classname="test.AccountManagerTest" time="0.119"/>
  <testcase name="testClose" classname="test.DaoTest" time="0.1"/>
  <testcase name="testReset" classname="test.DaoTest" time="0.077"/>
  <testcase name="testDelete" classname="test.DaoTest" time="0.117"/>
  <testcase name="testReload" classname="test.DaoTest" time="0.102"/>
  <testcase name="testSetGet" classname="test.DaoTest" time="0.143"/>
  <testcase name="testRequestQuote" classname="test.BrokerTest" time="0.117"/>
  <testcase name="testClose" classname="test.BrokerTest" time="0.014"/>
  <testcase name="testGetAccount" classname="test.BrokerTest" time="0.029"/>
  <testcase name="testBrokerExchangeOpen" classname="test.BrokerTest" time="10.14"/>
  <testcase name="testDeleteAccount" classname="test.BrokerTest" time="0.096"/>
  <testcase name="testBrokerExchangeClosed" classname="test.BrokerTest" time="12.122"/>
  <testcase name="codecTest" classname="test.PrivateMessageCodecTest" time="0.319"/>
</testsuite>