<?xml version="1.0" encoding="UTF-8"?>
<testsuite xmlns:xsi="http://www.w3.org/2001/XMLSchema-instance" xsi:noNamespaceSchemaLocation="https://maven.apache.org/surefire/maven-surefire-plugin/xsd/surefire-test-report.xsd" name="com.scg.util.PersonalNameTest" time="0.003" tests="17" errors="0" skipped="0" failures="0">
  <properties>
[...]
</properties>
  <testcase name="middletoStringTest" classname="com.scg.util.PersonalNameTest" time="0"/>
  <testcase name="nameNotEqualsTest" classname="com.scg.util.PersonalNameTest" time="0"/>
  <testcase name="nameHashNotEqualsTest" classname="com.scg.util.PersonalNameTest" time="0"/>
  <testcase name="setLastNameTest" classname="com.scg.util.PersonalNameTest" time="0"/>
  <testcase name="noMiddletoStringTest" classname="com.scg.util.PersonalNameTest" time="0"/>
  <testcase name="nameSameEqualsTest" classname="com.scg.util.PersonalNameTest" time="0"/>
  <testcase name="createPersonEmptyTest" classname="com.scg.util.PersonalNameTest" time="0"/>
  <testcase name="setMiddleNameTest" classname="com.scg.util.PersonalNameTest" time="0"/>
  <testcase name="nameHashEqualsTest" classname="com.scg.util.PersonalNameTest" time="0"/>
  <testcase name="setNullMiddleNameTest" classname="com.scg.util.PersonalNameTest" time="0"/>
  <testcase name="nameEqualsTest" classname="com.scg.util.PersonalNameTest" time="0"/>
  <testcase name="createPersonFirstLastTest" classname="com.scg.util.PersonalNameTest" time="0.001"/>
  <testcase name="createPersonNulNames" classname="com.scg.util.PersonalNameTest" time="0"/>
  <testcase name="setFirstNameTest" classname="com.scg.util.PersonalNameTest" time="0"/>
  <testcase name="setNullFirstNameTest" classname="com.scg.util.PersonalNameTest" time="0"/>
  <testcase name="setNullLastNameTest" classname="com.scg.util.PersonalNameTest" time="0"/>
  <testcase name="createPersonFirstLastMiddleTest" classname="com.scg.util.PersonalNameTest" time="0"/>
</testsuite>